<?xml version="1.0" encoding="UTF-8"?>
<!-- Generated by org.testng.reporters.JUnitReportReporter -->
<testsuite hostname="ramsunkara" name="ResourceMaven.AppTest" tests="1" failures="0" timestamp="6 Jun 2019 20:28:02 GMT" time="22.106" errors="0">
  <testcase name="primusbankBatchTest" time="22.106" classname="ResourceMaven.AppTest"/>
</testsuite> <!-- ResourceMaven.AppTest -->
